[09-Jun-2025 13:24:27 Europe/Berlin] PHP Notice:  session_start(): Ignoring session_start() because a session is already active in C:\xampp\htdocs\exams\exams001\admin.php on line 35
[09-Jun-2025 13:24:41 Europe/Berlin] PHP Warning:  Trying to access array offset on value of type null in C:\xampp\htdocs\exams\exams001\dash.php on line 339
[09-Jun-2025 13:24:41 Europe/Berlin] PHP Deprecated:  htmlspecialchars(): Passing null to parameter #1 ($string) of type string is deprecated in C:\xampp\htdocs\exams\exams001\admin_middleware.php on line 30
[09-Jun-2025 13:24:41 Europe/Berlin] PHP Warning:  Trying to access array offset on value of type null in C:\xampp\htdocs\exams\exams001\dash.php on line 340
[09-Jun-2025 13:24:41 Europe/Berlin] PHP Deprecated:  htmlspecialchars(): Passing null to parameter #1 ($string) of type string is deprecated in C:\xampp\htdocs\exams\exams001\admin_middleware.php on line 30
[09-Jun-2025 13:24:41 Europe/Berlin] PHP Warning:  Trying to access array offset on value of type null in C:\xampp\htdocs\exams\exams001\dash.php on line 341
[09-Jun-2025 13:24:41 Europe/Berlin] PHP Deprecated:  htmlspecialchars(): Passing null to parameter #1 ($string) of type string is deprecated in C:\xampp\htdocs\exams\exams001\admin_middleware.php on line 30
[09-Jun-2025 13:24:41 Europe/Berlin] PHP Warning:  Trying to access array offset on value of type null in C:\xampp\htdocs\exams\exams001\dash.php on line 339
[09-Jun-2025 13:24:41 Europe/Berlin] PHP Deprecated:  htmlspecialchars(): Passing null to parameter #1 ($string) of type string is deprecated in C:\xampp\htdocs\exams\exams001\admin_middleware.php on line 30
[09-Jun-2025 13:24:41 Europe/Berlin] PHP Warning:  Trying to access array offset on value of type null in C:\xampp\htdocs\exams\exams001\dash.php on line 340
[09-Jun-2025 13:24:41 Europe/Berlin] PHP Deprecated:  htmlspecialchars(): Passing null to parameter #1 ($string) of type string is deprecated in C:\xampp\htdocs\exams\exams001\admin_middleware.php on line 30
[09-Jun-2025 13:24:41 Europe/Berlin] PHP Warning:  Trying to access array offset on value of type null in C:\xampp\htdocs\exams\exams001\dash.php on line 341
[09-Jun-2025 13:24:41 Europe/Berlin] PHP Deprecated:  htmlspecialchars(): Passing null to parameter #1 ($string) of type string is deprecated in C:\xampp\htdocs\exams\exams001\admin_middleware.php on line 30
[09-Jun-2025 13:24:41 Europe/Berlin] PHP Warning:  Trying to access array offset on value of type null in C:\xampp\htdocs\exams\exams001\dash.php on line 339
[09-Jun-2025 13:24:41 Europe/Berlin] PHP Deprecated:  htmlspecialchars(): Passing null to parameter #1 ($string) of type string is deprecated in C:\xampp\htdocs\exams\exams001\admin_middleware.php on line 30
[09-Jun-2025 13:24:41 Europe/Berlin] PHP Warning:  Trying to access array offset on value of type null in C:\xampp\htdocs\exams\exams001\dash.php on line 340
[09-Jun-2025 13:24:41 Europe/Berlin] PHP Deprecated:  htmlspecialchars(): Passing null to parameter #1 ($string) of type string is deprecated in C:\xampp\htdocs\exams\exams001\admin_middleware.php on line 30
[09-Jun-2025 13:24:41 Europe/Berlin] PHP Warning:  Trying to access array offset on value of type null in C:\xampp\htdocs\exams\exams001\dash.php on line 341
[09-Jun-2025 13:24:41 Europe/Berlin] PHP Deprecated:  htmlspecialchars(): Passing null to parameter #1 ($string) of type string is deprecated in C:\xampp\htdocs\exams\exams001\admin_middleware.php on line 30
[09-Jun-2025 13:24:41 Europe/Berlin] PHP Warning:  Trying to access array offset on value of type null in C:\xampp\htdocs\exams\exams001\dash.php on line 339
[09-Jun-2025 13:24:41 Europe/Berlin] PHP Deprecated:  htmlspecialchars(): Passing null to parameter #1 ($string) of type string is deprecated in C:\xampp\htdocs\exams\exams001\admin_middleware.php on line 30
[09-Jun-2025 13:24:41 Europe/Berlin] PHP Warning:  Trying to access array offset on value of type null in C:\xampp\htdocs\exams\exams001\dash.php on line 340
[09-Jun-2025 13:24:41 Europe/Berlin] PHP Deprecated:  htmlspecialchars(): Passing null to parameter #1 ($string) of type string is deprecated in C:\xampp\htdocs\exams\exams001\admin_middleware.php on line 30
[09-Jun-2025 13:24:41 Europe/Berlin] PHP Warning:  Trying to access array offset on value of type null in C:\xampp\htdocs\exams\exams001\dash.php on line 341
[09-Jun-2025 13:24:41 Europe/Berlin] PHP Deprecated:  htmlspecialchars(): Passing null to parameter #1 ($string) of type string is deprecated in C:\xampp\htdocs\exams\exams001\admin_middleware.php on line 30
[09-Jun-2025 13:24:41 Europe/Berlin] PHP Warning:  Trying to access array offset on value of type null in C:\xampp\htdocs\exams\exams001\dash.php on line 339
[09-Jun-2025 13:24:41 Europe/Berlin] PHP Deprecated:  htmlspecialchars(): Passing null to parameter #1 ($string) of type string is deprecated in C:\xampp\htdocs\exams\exams001\admin_middleware.php on line 30
[09-Jun-2025 13:24:41 Europe/Berlin] PHP Warning:  Trying to access array offset on value of type null in C:\xampp\htdocs\exams\exams001\dash.php on line 340
[09-Jun-2025 13:24:41 Europe/Berlin] PHP Deprecated:  htmlspecialchars(): Passing null to parameter #1 ($string) of type string is deprecated in C:\xampp\htdocs\exams\exams001\admin_middleware.php on line 30
[09-Jun-2025 13:24:41 Europe/Berlin] PHP Warning:  Trying to access array offset on value of type null in C:\xampp\htdocs\exams\exams001\dash.php on line 341
[09-Jun-2025 13:24:41 Europe/Berlin] PHP Deprecated:  htmlspecialchars(): Passing null to parameter #1 ($string) of type string is deprecated in C:\xampp\htdocs\exams\exams001\admin_middleware.php on line 30
[09-Jun-2025 13:26:14 Europe/Berlin] PHP Warning:  Trying to access array offset on value of type null in C:\xampp\htdocs\exams\exams001\dash.php on line 339
[09-Jun-2025 13:26:14 Europe/Berlin] PHP Deprecated:  htmlspecialchars(): Passing null to parameter #1 ($string) of type string is deprecated in C:\xampp\htdocs\exams\exams001\admin_middleware.php on line 30
[09-Jun-2025 13:26:14 Europe/Berlin] PHP Warning:  Trying to access array offset on value of type null in C:\xampp\htdocs\exams\exams001\dash.php on line 340
[09-Jun-2025 13:26:14 Europe/Berlin] PHP Deprecated:  htmlspecialchars(): Passing null to parameter #1 ($string) of type string is deprecated in C:\xampp\htdocs\exams\exams001\admin_middleware.php on line 30
[09-Jun-2025 13:26:14 Europe/Berlin] PHP Warning:  Trying to access array offset on value of type null in C:\xampp\htdocs\exams\exams001\dash.php on line 341
[09-Jun-2025 13:26:14 Europe/Berlin] PHP Deprecated:  htmlspecialchars(): Passing null to parameter #1 ($string) of type string is deprecated in C:\xampp\htdocs\exams\exams001\admin_middleware.php on line 30
[09-Jun-2025 13:26:14 Europe/Berlin] PHP Warning:  Trying to access array offset on value of type null in C:\xampp\htdocs\exams\exams001\dash.php on line 339
[09-Jun-2025 13:26:14 Europe/Berlin] PHP Deprecated:  htmlspecialchars(): Passing null to parameter #1 ($string) of type string is deprecated in C:\xampp\htdocs\exams\exams001\admin_middleware.php on line 30
[09-Jun-2025 13:26:14 Europe/Berlin] PHP Warning:  Trying to access array offset on value of type null in C:\xampp\htdocs\exams\exams001\dash.php on line 340
[09-Jun-2025 13:26:14 Europe/Berlin] PHP Deprecated:  htmlspecialchars(): Passing null to parameter #1 ($string) of type string is deprecated in C:\xampp\htdocs\exams\exams001\admin_middleware.php on line 30
[09-Jun-2025 13:26:14 Europe/Berlin] PHP Warning:  Trying to access array offset on value of type null in C:\xampp\htdocs\exams\exams001\dash.php on line 341
[09-Jun-2025 13:26:14 Europe/Berlin] PHP Deprecated:  htmlspecialchars(): Passing null to parameter #1 ($string) of type string is deprecated in C:\xampp\htdocs\exams\exams001\admin_middleware.php on line 30
[09-Jun-2025 13:26:14 Europe/Berlin] PHP Warning:  Trying to access array offset on value of type null in C:\xampp\htdocs\exams\exams001\dash.php on line 339
[09-Jun-2025 13:26:14 Europe/Berlin] PHP Deprecated:  htmlspecialchars(): Passing null to parameter #1 ($string) of type string is deprecated in C:\xampp\htdocs\exams\exams001\admin_middleware.php on line 30
[09-Jun-2025 13:26:14 Europe/Berlin] PHP Warning:  Trying to access array offset on value of type null in C:\xampp\htdocs\exams\exams001\dash.php on line 340
[09-Jun-2025 13:26:14 Europe/Berlin] PHP Deprecated:  htmlspecialchars(): Passing null to parameter #1 ($string) of type string is deprecated in C:\xampp\htdocs\exams\exams001\admin_middleware.php on line 30
[09-Jun-2025 13:26:14 Europe/Berlin] PHP Warning:  Trying to access array offset on value of type null in C:\xampp\htdocs\exams\exams001\dash.php on line 341
[09-Jun-2025 13:26:14 Europe/Berlin] PHP Deprecated:  htmlspecialchars(): Passing null to parameter #1 ($string) of type string is deprecated in C:\xampp\htdocs\exams\exams001\admin_middleware.php on line 30
[09-Jun-2025 13:26:14 Europe/Berlin] PHP Warning:  Trying to access array offset on value of type null in C:\xampp\htdocs\exams\exams001\dash.php on line 339
[09-Jun-2025 13:26:14 Europe/Berlin] PHP Deprecated:  htmlspecialchars(): Passing null to parameter #1 ($string) of type string is deprecated in C:\xampp\htdocs\exams\exams001\admin_middleware.php on line 30
[09-Jun-2025 13:26:14 Europe/Berlin] PHP Warning:  Trying to access array offset on value of type null in C:\xampp\htdocs\exams\exams001\dash.php on line 340
[09-Jun-2025 13:26:14 Europe/Berlin] PHP Deprecated:  htmlspecialchars(): Passing null to parameter #1 ($string) of type string is deprecated in C:\xampp\htdocs\exams\exams001\admin_middleware.php on line 30
[09-Jun-2025 13:26:14 Europe/Berlin] PHP Warning:  Trying to access array offset on value of type null in C:\xampp\htdocs\exams\exams001\dash.php on line 341
[09-Jun-2025 13:26:14 Europe/Berlin] PHP Deprecated:  htmlspecialchars(): Passing null to parameter #1 ($string) of type string is deprecated in C:\xampp\htdocs\exams\exams001\admin_middleware.php on line 30
[09-Jun-2025 13:26:14 Europe/Berlin] PHP Warning:  Trying to access array offset on value of type null in C:\xampp\htdocs\exams\exams001\dash.php on line 339
[09-Jun-2025 13:26:14 Europe/Berlin] PHP Deprecated:  htmlspecialchars(): Passing null to parameter #1 ($string) of type string is deprecated in C:\xampp\htdocs\exams\exams001\admin_middleware.php on line 30
[09-Jun-2025 13:26:14 Europe/Berlin] PHP Warning:  Trying to access array offset on value of type null in C:\xampp\htdocs\exams\exams001\dash.php on line 340
[09-Jun-2025 13:26:14 Europe/Berlin] PHP Deprecated:  htmlspecialchars(): Passing null to parameter #1 ($string) of type string is deprecated in C:\xampp\htdocs\exams\exams001\admin_middleware.php on line 30
[09-Jun-2025 13:26:14 Europe/Berlin] PHP Warning:  Trying to access array offset on value of type null in C:\xampp\htdocs\exams\exams001\dash.php on line 341
[09-Jun-2025 13:26:14 Europe/Berlin] PHP Deprecated:  htmlspecialchars(): Passing null to parameter #1 ($string) of type string is deprecated in C:\xampp\htdocs\exams\exams001\admin_middleware.php on line 30
[09-Jun-2025 13:46:44 Europe/Berlin] PHP Notice:  session_start(): Ignoring session_start() because a session is already active in C:\xampp\htdocs\exams\exams001\admin.php on line 35
[09-Jun-2025 13:54:01 Europe/Berlin] PHP Notice:  session_start(): Ignoring session_start() because a session is already active in C:\xampp\htdocs\exams\exams001\admin.php on line 35
[09-Jun-2025 13:54:01 Europe/Berlin] PHP Warning:  ini_set(): Session ini settings cannot be changed when a session is active in C:\xampp\htdocs\exams\exams001\session_handler.php on line 4
[09-Jun-2025 13:54:01 Europe/Berlin] PHP Warning:  ini_set(): Session ini settings cannot be changed when a session is active in C:\xampp\htdocs\exams\exams001\session_handler.php on line 5
[09-Jun-2025 13:54:01 Europe/Berlin] PHP Fatal error:  Uncaught Error: Call to undefined function preventCaching() in C:\xampp\htdocs\exams\exams001\admin_middleware.php:80
Stack trace:
#0 C:\xampp\htdocs\exams\exams001\dash.php(3): include_once()
#1 {main}
  thrown in C:\xampp\htdocs\exams\exams001\admin_middleware.php on line 80
